-------------------------------------------------------------------------------
Test set: guru.springframework.sfgrestdocsexample.web.controller.BeerControllerTest
-------------------------------------------------------------------------------
Tests run: 3, Failures: 0, Errors: 1, Skipped: 0, Time elapsed: 1.272 s <<< FAILURE! - in guru.springframework.sfgrestdocsexample.web.controller.BeerControllerTest
getBeerById  Time elapsed: 0.137 s  <<< ERROR!
org.springframework.restdocs.snippet.SnippetException: Path parameters with the following names were not documented: [beerId]. Path parameters with the following names were not found in the request: [beerID]
	at guru.springframework.sfgrestdocsexample.web.controller.BeerControllerTest.getBeerById(BeerControllerTest.java:54)

